\BOOKMARK [0][-]{chapter.1}{Introduction}{}% 1
\BOOKMARK [1][-]{section.1.1}{Background}{chapter.1}% 2
\BOOKMARK [1][-]{section.1.2}{Problem}{chapter.1}% 3
\BOOKMARK [1][-]{section.1.3}{Goal}{chapter.1}% 4
\BOOKMARK [1][-]{section.1.4}{Benefits,\040Ethics\040and\040Sustainability}{chapter.1}% 5
\BOOKMARK [1][-]{section.1.5}{Methodology}{chapter.1}% 6
\BOOKMARK [1][-]{section.1.6}{Stakeholders}{chapter.1}% 7
\BOOKMARK [1][-]{section.1.7}{Delimitations}{chapter.1}% 8
\BOOKMARK [1][-]{section.1.8}{Outline}{chapter.1}% 9
\BOOKMARK [0][-]{chapter.2}{Results}{}% 10
\BOOKMARK [1][-]{section.2.1}{missing\040joints}{chapter.2}% 11
\BOOKMARK [1][-]{section.2.2}{best\040hypothesis}{chapter.2}% 12
\BOOKMARK [1][-]{section.2.3}{Quantitative\040Results}{chapter.2}% 13
\BOOKMARK [0][-]{chapter.3}{Conclusions}{}% 14
\BOOKMARK [1][-]{section.3.1}{Discussion}{chapter.3}% 15
\BOOKMARK [2][-]{subsection.3.1.1}{Future\040Work}{section.3.1}% 16
\BOOKMARK [2][-]{subsection.3.1.2}{Final\040Words}{section.3.1}% 17
\BOOKMARK [0][-]{subsection.3.1.2}{References}{}% 18
\BOOKMARK [0][-]{appendix.A}{Model\040Summaries}{}% 19
\BOOKMARK [1][-]{section.A.1}{Encoder}{appendix.A}% 20
\BOOKMARK [1][-]{section.A.2}{Decoder}{appendix.A}% 21
\BOOKMARK [1][-]{section.A.3}{Discriminator}{appendix.A}% 22
